<?xml version="1.0" encoding="UTF-8"?>
<robot generator="Robot 3.1.2 (Python 3.8.1 on darwin)" generated="20200312 15:13:42.820" rpa="false">
<suite id="s1" name="Tests" source="/Users/kishenjagroe/Documents/Development/end-to-end/tests">
<suite id="s1-s1" name="RobotFrameWorkTutorial" source="/Users/kishenjagroe/Documents/Development/end-to-end/tests/RobotFrameWorkTutorial">
<suite id="s1-s1-s1" name="BackOffice" source="/Users/kishenjagroe/Documents/Development/end-to-end/tests/RobotFrameWorkTutorial/BackOffice">
<suite id="s1-s1-s1-s1" name="Back Office" source="/Users/kishenjagroe/Documents/Development/end-to-end/tests/RobotFrameWorkTutorial/BackOffice/Back_Office.robot">
<test id="s1-s1-s1-s1-t1" name="Should be able to access &quot;Landing&quot; page">
<kw name="Begin Web Test" library="CommonWeb" type="setup">
<kw name="Open Browser" library="SeleniumLibrary">
<doc>Opens a new browser instance to the optional ``url``.</doc>
<arguments>
<arg>about:blank</arg>
<arg>${BROWSER}</arg>
</arguments>
<msg timestamp="20200312 15:13:42.957" level="INFO">Opening browser 'firefox' to base url 'about:blank'.</msg>
<msg timestamp="20200312 15:13:42.958" level="INFO">Firefox driver log is always forced to to: /Users/kishenjagroe/Documents/Development/end-to-end/results/robotframeworktutorial/geckodriver-7.log</msg>
<status status="PASS" starttime="20200312 15:13:42.957" endtime="20200312 15:13:46.337"></status>
</kw>
<status status="PASS" starttime="20200312 15:13:42.956" endtime="20200312 15:13:46.338"></status>
</kw>
<kw name="Go to Landing Page" library="BackOfficeApp">
<kw name="Navigate To" library="BackOffice.Landing">
<kw name="Go To" library="SeleniumLibrary">
<doc>Navigates the current browser window to the provided ``url``.</doc>
<arguments>
<arg>${BACK_OFFICE_URL}</arg>
</arguments>
<msg timestamp="20200312 15:13:46.339" level="INFO">Opening url 'http://www.robotframeworktutorial.com/back-office'</msg>
<status status="PASS" starttime="20200312 15:13:46.339" endtime="20200312 15:13:47.645"></status>
</kw>
<status status="PASS" starttime="20200312 15:13:46.339" endtime="20200312 15:13:47.645"></status>
</kw>
<status status="PASS" starttime="20200312 15:13:46.338" endtime="20200312 15:13:47.645"></status>
</kw>
<kw name="End Web Test" library="CommonWeb" type="teardown">
<kw name="Close All Browsers" library="SeleniumLibrary">
<doc>Closes all open browsers and resets the browser cache.</doc>
<status status="PASS" starttime="20200312 15:13:47.646" endtime="20200312 15:13:49.368"></status>
</kw>
<status status="PASS" starttime="20200312 15:13:47.646" endtime="20200312 15:13:49.368"></status>
</kw>
<doc>This is test 1</doc>
<tags>
<tag>test1</tag>
</tags>
<status status="PASS" starttime="20200312 15:13:42.956" endtime="20200312 15:13:49.368" critical="yes"></status>
</test>
<doc>Talk about what this suite of tests does</doc>
<status status="PASS" starttime="20200312 15:13:42.842" endtime="20200312 15:13:49.369"></status>
</suite>
<status status="PASS" starttime="20200312 15:13:42.841" endtime="20200312 15:13:49.371"></status>
</suite>
<suite id="s1-s1-s2" name="EndToEnd" source="/Users/kishenjagroe/Documents/Development/end-to-end/tests/RobotFrameWorkTutorial/EndToEnd">
<suite id="s1-s1-s2-s1" name="End To End" source="/Users/kishenjagroe/Documents/Development/end-to-end/tests/RobotFrameWorkTutorial/EndToEnd/End_To_End.robot">
<test id="s1-s1-s2-s1-t1" name="Should be able to access both sites">
<kw name="Begin Web Test" library="CommonWeb" type="setup">
<kw name="Open Browser" library="SeleniumLibrary">
<doc>Opens a new browser instance to the optional ``url``.</doc>
<arguments>
<arg>about:blank</arg>
<arg>${BROWSER}</arg>
</arguments>
<msg timestamp="20200312 15:13:49.388" level="INFO">Opening browser 'firefox' to base url 'about:blank'.</msg>
<msg timestamp="20200312 15:13:49.388" level="INFO">Firefox driver log is always forced to to: /Users/kishenjagroe/Documents/Development/end-to-end/results/robotframeworktutorial/geckodriver-8.log</msg>
<status status="PASS" starttime="20200312 15:13:49.387" endtime="20200312 15:13:52.655"></status>
</kw>
<status status="PASS" starttime="20200312 15:13:49.387" endtime="20200312 15:13:52.656"></status>
</kw>
<kw name="Go to Landing Page" library="FrontOfficeApp">
<kw name="Navigate To" library="FrontOffice.Landing">
<kw name="Go To" library="SeleniumLibrary">
<doc>Navigates the current browser window to the provided ``url``.</doc>
<arguments>
<arg>${FRONT_OFFICE_URL}</arg>
</arguments>
<msg timestamp="20200312 15:13:52.658" level="INFO">Opening url 'http://www.robotframeworktutorial.com/front-office'</msg>
<status status="PASS" starttime="20200312 15:13:52.658" endtime="20200312 15:13:54.563"></status>
</kw>
<status status="PASS" starttime="20200312 15:13:52.657" endtime="20200312 15:13:54.563"></status>
</kw>
<status status="PASS" starttime="20200312 15:13:52.656" endtime="20200312 15:13:54.563"></status>
</kw>
<kw name="Go to Landing Page" library="BackOfficeApp">
<kw name="Navigate To" library="BackOffice.Landing">
<kw name="Go To" library="SeleniumLibrary">
<doc>Navigates the current browser window to the provided ``url``.</doc>
<arguments>
<arg>${BACK_OFFICE_URL}</arg>
</arguments>
<msg timestamp="20200312 15:13:54.565" level="INFO">Opening url 'http://www.robotframeworktutorial.com/back-office'</msg>
<status status="PASS" starttime="20200312 15:13:54.564" endtime="20200312 15:13:55.605"></status>
</kw>
<status status="PASS" starttime="20200312 15:13:54.564" endtime="20200312 15:13:55.605"></status>
</kw>
<status status="PASS" starttime="20200312 15:13:54.563" endtime="20200312 15:13:55.605"></status>
</kw>
<kw name="End Web Test" library="CommonWeb" type="teardown">
<kw name="Close All Browsers" library="SeleniumLibrary">
<doc>Closes all open browsers and resets the browser cache.</doc>
<status status="PASS" starttime="20200312 15:13:55.606" endtime="20200312 15:13:58.294"></status>
</kw>
<status status="PASS" starttime="20200312 15:13:55.606" endtime="20200312 15:13:58.294"></status>
</kw>
<doc>This is test 1</doc>
<tags>
<tag>test1</tag>
</tags>
<status status="PASS" starttime="20200312 15:13:49.386" endtime="20200312 15:13:58.294" critical="yes"></status>
</test>
<doc>This is my end to end suite</doc>
<status status="PASS" starttime="20200312 15:13:49.374" endtime="20200312 15:13:58.295"></status>
</suite>
<status status="PASS" starttime="20200312 15:13:49.372" endtime="20200312 15:13:58.297"></status>
</suite>
<suite id="s1-s1-s3" name="FrontOffice" source="/Users/kishenjagroe/Documents/Development/end-to-end/tests/RobotFrameWorkTutorial/FrontOffice">
<suite id="s1-s1-s3-s1" name="Front Office" source="/Users/kishenjagroe/Documents/Development/end-to-end/tests/RobotFrameWorkTutorial/FrontOffice/Front_Office.robot">
<test id="s1-s1-s3-s1-t1" name="Should be able to access &quot;Landing&quot; page">
<kw name="Begin Web Test" library="CommonWeb" type="setup">
<kw name="Open Browser" library="SeleniumLibrary">
<doc>Opens a new browser instance to the optional ``url``.</doc>
<arguments>
<arg>about:blank</arg>
<arg>${BROWSER}</arg>
</arguments>
<msg timestamp="20200312 15:13:58.307" level="INFO">Opening browser 'firefox' to base url 'about:blank'.</msg>
<msg timestamp="20200312 15:13:58.307" level="INFO">Firefox driver log is always forced to to: /Users/kishenjagroe/Documents/Development/end-to-end/results/robotframeworktutorial/geckodriver-9.log</msg>
<status status="PASS" starttime="20200312 15:13:58.306" endtime="20200312 15:14:01.468"></status>
</kw>
<status status="PASS" starttime="20200312 15:13:58.306" endtime="20200312 15:14:01.469"></status>
</kw>
<kw name="Go to Landing Page" library="FrontOfficeApp">
<kw name="Navigate To" library="FrontOffice.Landing">
<kw name="Go To" library="SeleniumLibrary">
<doc>Navigates the current browser window to the provided ``url``.</doc>
<arguments>
<arg>${FRONT_OFFICE_URL}</arg>
</arguments>
<msg timestamp="20200312 15:14:01.470" level="INFO">Opening url 'http://www.robotframeworktutorial.com/front-office'</msg>
<status status="PASS" starttime="20200312 15:14:01.470" endtime="20200312 15:14:03.300"></status>
</kw>
<status status="PASS" starttime="20200312 15:14:01.470" endtime="20200312 15:14:03.301"></status>
</kw>
<status status="PASS" starttime="20200312 15:14:01.469" endtime="20200312 15:14:03.301"></status>
</kw>
<kw name="End Web Test" library="CommonWeb" type="teardown">
<kw name="Close All Browsers" library="SeleniumLibrary">
<doc>Closes all open browsers and resets the browser cache.</doc>
<status status="PASS" starttime="20200312 15:14:03.302" endtime="20200312 15:14:05.881"></status>
</kw>
<status status="PASS" starttime="20200312 15:14:03.301" endtime="20200312 15:14:05.881"></status>
</kw>
<doc>This is test 1</doc>
<tags>
<tag>test1</tag>
</tags>
<status status="PASS" starttime="20200312 15:13:58.305" endtime="20200312 15:14:05.881" critical="yes"></status>
</test>
<doc>Talk about what this suite of tests does</doc>
<status status="PASS" starttime="20200312 15:13:58.300" endtime="20200312 15:14:05.882"></status>
</suite>
<status status="PASS" starttime="20200312 15:13:58.298" endtime="20200312 15:14:05.884"></status>
</suite>
<status status="PASS" starttime="20200312 15:13:42.840" endtime="20200312 15:14:05.885"></status>
</suite>
<status status="PASS" starttime="20200312 15:13:42.821" endtime="20200312 15:14:05.887"></status>
</suite>
<statistics>
<total>
<stat pass="3" fail="0">Critical Tests</stat>
<stat pass="3" fail="0">All Tests</stat>
</total>
<tag>
<stat pass="3" fail="0">test1</stat>
</tag>
<suite>
<stat pass="3" fail="0" id="s1" name="Tests">Tests</stat>
<stat pass="3" fail="0" id="s1-s1" name="RobotFrameWorkTutorial">Tests.RobotFrameWorkTutorial</stat>
<stat pass="1" fail="0" id="s1-s1-s1" name="BackOffice">Tests.RobotFrameWorkTutorial.BackOffice</stat>
<stat pass="1" fail="0" id="s1-s1-s1-s1" name="Back Office">Tests.RobotFrameWorkTutorial.BackOffice.Back Office</stat>
<stat pass="1" fail="0" id="s1-s1-s2" name="EndToEnd">Tests.RobotFrameWorkTutorial.EndToEnd</stat>
<stat pass="1" fail="0" id="s1-s1-s2-s1" name="End To End">Tests.RobotFrameWorkTutorial.EndToEnd.End To End</stat>
<stat pass="1" fail="0" id="s1-s1-s3" name="FrontOffice">Tests.RobotFrameWorkTutorial.FrontOffice</stat>
<stat pass="1" fail="0" id="s1-s1-s3-s1" name="Front Office">Tests.RobotFrameWorkTutorial.FrontOffice.Front Office</stat>
</suite>
</statistics>
<errors>
</errors>
</robot>
