<?xml version="1.0" encoding="UTF-8"?>
<robot generator="Robot 3.1.2 (Python 3.8.1 on darwin)" generated="20200303 16:53:02.370" rpa="false">
<suite id="s1" name="Tests" source="/Users/kishenjagroe/Documents/Development/end-to-end/tests">
<suite id="s1-s1" name="BackOffice" source="/Users/kishenjagroe/Documents/Development/end-to-end/tests/BackOffice">
<suite id="s1-s1-s1" name="Back Office" source="/Users/kishenjagroe/Documents/Development/end-to-end/tests/BackOffice/Back_Office.robot">
<test id="s1-s1-s1-t1" name="Should be able to access &quot;Landing&quot; page">
<kw name="Begin Web Test" library="CommonWeb" type="setup">
<kw name="Open Browser" library="SeleniumLibrary">
<doc>Opens a new browser instance to the optional ``url``.</doc>
<arguments>
<arg>about:blank</arg>
<arg>${BROWSER}</arg>
</arguments>
<msg timestamp="20200303 16:53:02.511" level="INFO">Opening browser 'firefox' to base url 'about:blank'.</msg>
<msg timestamp="20200303 16:53:02.512" level="INFO">Firefox driver log is always forced to to: /Users/kishenjagroe/Documents/Development/end-to-end/results/geckodriver-6.log</msg>
<status status="PASS" starttime="20200303 16:53:02.511" endtime="20200303 16:53:05.866"></status>
</kw>
<status status="PASS" starttime="20200303 16:53:02.511" endtime="20200303 16:53:05.866"></status>
</kw>
<kw name="Go to Landing Page" library="BackOfficeApp">
<kw name="Navigate To" library="BackOffice.Landing">
<kw name="Go To" library="SeleniumLibrary">
<doc>Navigates the current browser window to the provided ``url``.</doc>
<arguments>
<arg>${BACK_OFFICE_URL}</arg>
</arguments>
<msg timestamp="20200303 16:53:05.868" level="INFO">Opening url 'http://www.robotframeworktutorial.com/back-office'</msg>
<status status="PASS" starttime="20200303 16:53:05.868" endtime="20200303 16:53:07.180"></status>
</kw>
<status status="PASS" starttime="20200303 16:53:05.868" endtime="20200303 16:53:07.180"></status>
</kw>
<status status="PASS" starttime="20200303 16:53:05.867" endtime="20200303 16:53:07.180"></status>
</kw>
<kw name="End Web Test" library="CommonWeb" type="teardown">
<kw name="Close All Browsers" library="SeleniumLibrary">
<doc>Closes all open browsers and resets the browser cache.</doc>
<status status="PASS" starttime="20200303 16:53:07.181" endtime="20200303 16:53:08.885"></status>
</kw>
<status status="PASS" starttime="20200303 16:53:07.180" endtime="20200303 16:53:08.885"></status>
</kw>
<doc>This is test 1</doc>
<tags>
<tag>test1</tag>
</tags>
<status status="PASS" starttime="20200303 16:53:02.510" endtime="20200303 16:53:08.885" critical="yes"></status>
</test>
<doc>Talk about what this suite of tests does</doc>
<status status="PASS" starttime="20200303 16:53:02.393" endtime="20200303 16:53:08.886"></status>
</suite>
<status status="PASS" starttime="20200303 16:53:02.391" endtime="20200303 16:53:08.888"></status>
</suite>
<suite id="s1-s2" name="EndToEnd" source="/Users/kishenjagroe/Documents/Development/end-to-end/tests/EndToEnd">
<suite id="s1-s2-s1" name="End To End" source="/Users/kishenjagroe/Documents/Development/end-to-end/tests/EndToEnd/End_To_End.robot">
<test id="s1-s2-s1-t1" name="Should be able to access both sites">
<kw name="Begin Web Test" library="CommonWeb" type="setup">
<kw name="Open Browser" library="SeleniumLibrary">
<doc>Opens a new browser instance to the optional ``url``.</doc>
<arguments>
<arg>about:blank</arg>
<arg>${BROWSER}</arg>
</arguments>
<msg timestamp="20200303 16:53:08.906" level="INFO">Opening browser 'firefox' to base url 'about:blank'.</msg>
<msg timestamp="20200303 16:53:08.907" level="INFO">Firefox driver log is always forced to to: /Users/kishenjagroe/Documents/Development/end-to-end/results/geckodriver-7.log</msg>
<status status="PASS" starttime="20200303 16:53:08.906" endtime="20200303 16:53:12.027"></status>
</kw>
<status status="PASS" starttime="20200303 16:53:08.906" endtime="20200303 16:53:12.027"></status>
</kw>
<kw name="Go to Landing Page" library="FrontOfficeApp">
<kw name="Navigate To" library="FrontOffice.Landing">
<kw name="Go To" library="SeleniumLibrary">
<doc>Navigates the current browser window to the provided ``url``.</doc>
<arguments>
<arg>${FRONT_OFFICE_URL}</arg>
</arguments>
<msg timestamp="20200303 16:53:12.029" level="INFO">Opening url 'http://www.robotframeworktutorial.com/front-office'</msg>
<status status="PASS" starttime="20200303 16:53:12.028" endtime="20200303 16:53:13.990"></status>
</kw>
<status status="PASS" starttime="20200303 16:53:12.028" endtime="20200303 16:53:13.990"></status>
</kw>
<status status="PASS" starttime="20200303 16:53:12.028" endtime="20200303 16:53:13.990"></status>
</kw>
<kw name="Go to Landing Page" library="BackOfficeApp">
<kw name="Navigate To" library="BackOffice.Landing">
<kw name="Go To" library="SeleniumLibrary">
<doc>Navigates the current browser window to the provided ``url``.</doc>
<arguments>
<arg>${BACK_OFFICE_URL}</arg>
</arguments>
<msg timestamp="20200303 16:53:13.992" level="INFO">Opening url 'http://www.robotframeworktutorial.com/back-office'</msg>
<status status="PASS" starttime="20200303 16:53:13.991" endtime="20200303 16:53:15.091"></status>
</kw>
<status status="PASS" starttime="20200303 16:53:13.991" endtime="20200303 16:53:15.092"></status>
</kw>
<status status="PASS" starttime="20200303 16:53:13.991" endtime="20200303 16:53:15.092"></status>
</kw>
<kw name="End Web Test" library="CommonWeb" type="teardown">
<kw name="Close All Browsers" library="SeleniumLibrary">
<doc>Closes all open browsers and resets the browser cache.</doc>
<status status="PASS" starttime="20200303 16:53:15.092" endtime="20200303 16:53:18.662"></status>
</kw>
<status status="PASS" starttime="20200303 16:53:15.092" endtime="20200303 16:53:18.662"></status>
</kw>
<doc>This is test 1</doc>
<tags>
<tag>test1</tag>
</tags>
<status status="PASS" starttime="20200303 16:53:08.905" endtime="20200303 16:53:18.662" critical="yes"></status>
</test>
<doc>This is my end to end suite</doc>
<status status="PASS" starttime="20200303 16:53:08.891" endtime="20200303 16:53:18.663"></status>
</suite>
<status status="PASS" starttime="20200303 16:53:08.889" endtime="20200303 16:53:18.665"></status>
</suite>
<suite id="s1-s3" name="FrontOffice" source="/Users/kishenjagroe/Documents/Development/end-to-end/tests/FrontOffice">
<suite id="s1-s3-s1" name="Front Office" source="/Users/kishenjagroe/Documents/Development/end-to-end/tests/FrontOffice/Front_Office.robot">
<test id="s1-s3-s1-t1" name="Should be able to access &quot;Landing&quot; page">
<kw name="Begin Web Test" library="CommonWeb" type="setup">
<kw name="Open Browser" library="SeleniumLibrary">
<doc>Opens a new browser instance to the optional ``url``.</doc>
<arguments>
<arg>about:blank</arg>
<arg>${BROWSER}</arg>
</arguments>
<msg timestamp="20200303 16:53:18.675" level="INFO">Opening browser 'firefox' to base url 'about:blank'.</msg>
<msg timestamp="20200303 16:53:18.675" level="INFO">Firefox driver log is always forced to to: /Users/kishenjagroe/Documents/Development/end-to-end/results/geckodriver-8.log</msg>
<status status="PASS" starttime="20200303 16:53:18.675" endtime="20200303 16:53:21.799"></status>
</kw>
<status status="PASS" starttime="20200303 16:53:18.674" endtime="20200303 16:53:21.799"></status>
</kw>
<kw name="Go to Landing Page" library="FrontOfficeApp">
<kw name="Navigate To" library="FrontOffice.Landing">
<kw name="Go To" library="SeleniumLibrary">
<doc>Navigates the current browser window to the provided ``url``.</doc>
<arguments>
<arg>${FRONT_OFFICE_URL}</arg>
</arguments>
<msg timestamp="20200303 16:53:21.801" level="INFO">Opening url 'http://www.robotframeworktutorial.com/front-office'</msg>
<status status="PASS" starttime="20200303 16:53:21.801" endtime="20200303 16:53:23.699"></status>
</kw>
<status status="PASS" starttime="20200303 16:53:21.801" endtime="20200303 16:53:23.700"></status>
</kw>
<status status="PASS" starttime="20200303 16:53:21.800" endtime="20200303 16:53:23.700"></status>
</kw>
<kw name="End Web Test" library="CommonWeb" type="teardown">
<kw name="Close All Browsers" library="SeleniumLibrary">
<doc>Closes all open browsers and resets the browser cache.</doc>
<status status="PASS" starttime="20200303 16:53:23.701" endtime="20200303 16:53:26.256"></status>
</kw>
<status status="PASS" starttime="20200303 16:53:23.700" endtime="20200303 16:53:26.256"></status>
</kw>
<doc>This is test 1</doc>
<tags>
<tag>test1</tag>
</tags>
<status status="PASS" starttime="20200303 16:53:18.674" endtime="20200303 16:53:26.256" critical="yes"></status>
</test>
<doc>Talk about what this suite of tests does</doc>
<status status="PASS" starttime="20200303 16:53:18.668" endtime="20200303 16:53:26.257"></status>
</suite>
<status status="PASS" starttime="20200303 16:53:18.666" endtime="20200303 16:53:26.259"></status>
</suite>
<status status="PASS" starttime="20200303 16:53:02.371" endtime="20200303 16:53:26.260"></status>
</suite>
<statistics>
<total>
<stat pass="3" fail="0">Critical Tests</stat>
<stat pass="3" fail="0">All Tests</stat>
</total>
<tag>
<stat pass="3" fail="0">test1</stat>
</tag>
<suite>
<stat pass="3" fail="0" id="s1" name="Tests">Tests</stat>
<stat pass="1" fail="0" id="s1-s1" name="BackOffice">Tests.BackOffice</stat>
<stat pass="1" fail="0" id="s1-s1-s1" name="Back Office">Tests.BackOffice.Back Office</stat>
<stat pass="1" fail="0" id="s1-s2" name="EndToEnd">Tests.EndToEnd</stat>
<stat pass="1" fail="0" id="s1-s2-s1" name="End To End">Tests.EndToEnd.End To End</stat>
<stat pass="1" fail="0" id="s1-s3" name="FrontOffice">Tests.FrontOffice</stat>
<stat pass="1" fail="0" id="s1-s3-s1" name="Front Office">Tests.FrontOffice.Front Office</stat>
</suite>
</statistics>
<errors>
</errors>
</robot>
